#
# A fatal error has been detected by the Java Runtime Environment:
#
#  EXCEPTION_ACCESS_VIOLATION (0xc0000005) at pc=0x00007ffd5363cde9, pid=28120, tid=40352
#
# JRE version: Java(TM) SE Runtime Environment (14.0.2+12) (build 14.0.2+12-46)
# Java VM: Java HotSpot(TM) 64-Bit Server VM (14.0.2+12-46, mixed mode, sharing, tiered, compressed oops, g1 gc, windows-amd64)
# Problematic frame:
# C  [nvoglv64.dll+0xcdcde9]
#
# No core dump will be written. Minidumps are not enabled by default on client versions of Windows
#
# If you would like to submit a bug report, please visit:
#   https://bugreport.java.com/bugreport/crash.jsp
# The crash happened outside the Java Virtual Machine in native code.
# See problematic frame for where to report the bug.
#

---------------  S U M M A R Y ------------

Command Line: -Dfile.encoding=windows-1252 -Duser.country=GB -Duser.language=en -Duser.variant net.mat4f.aspect.DummyGame

Host: 11th Gen Intel(R) Core(TM) i7-1165G7 @ 2.80GHz, 8 cores, 15G,  Windows 10 , 64 bit Build 22000 (10.0.22000.708)
Time: Fri Oct 21 11:45:39 2022 W. Europe Summer Time elapsed time: 1 seconds (0d 0h 0m 1s)

---------------  T H R E A D  ---------------

Current thread (0x00000148a6f61800):  JavaThread "main" [_thread_in_native, id=40352, stack(0x00000017daa00000,0x00000017dab00000)]

Stack: [0x00000017daa00000,0x00000017dab00000],  sp=0x00000017daafee50,  free space=1019k
Native frames: (J=compiled Java code, j=interpreted, Vv=VM code, C=native code)
C  [nvoglv64.dll+0xcdcde9]

Java frames: (J=compiled Java code, j=interpreted, Vv=VM code)
j  org.lwjgl.opengl.GL11C.nglDrawElements(IIIJ)V+0
j  org.lwjgl.opengl.GL11C.glDrawElements(IIIJ)V+4
j  org.lwjgl.opengl.GL11.glDrawElements(IIIJ)V+4
j  net.mat4f.aspect.graphics.Mesh.render()V+25
j  net.mat4f.aspect.graphics.Window.render(Lnet/mat4f/aspect/graphics/Shader;Lnet/mat4f/aspect/objects/GameObject;Lnet/mat4f/aspect/objects/Transformation;)V+30
j  net.mat4f.aspect.DummyGame.main([Ljava/lang/String;)V+594
v  ~StubRoutines::call_stub

siginfo: EXCEPTION_ACCESS_VIOLATION (0xc0000005), reading address 0x000000000000005c


Register to memory mapping:

RIP=0x00007ffd5363cde9 nvoglv64.dll
RAX=0x00000026579c3b55 is an unknown value
RBX=0x0000000000000001 is an unknown value
RCX=0x0 is NULL
RDX=0x000000d543a0d0e5 is an unknown value
RSP=0x00000017daafee50 is pointing into the stack for thread: 0x00000148a6f61800
RBP=0x0000000000000018 is an unknown value
RSI=0x0000000000000018 is an unknown value
RDI=0x0000000000001405 is an unknown value
R8 =0x00000000000148ed is an unknown value
R9 =0x0 is NULL
R10=0x0000000000000004 is an unknown value
R11=0x000000aa28798072 is an unknown value
R12=0x0000000000000004 is an unknown value
R13=0x00000148ccd2c080 points into unknown readable memory: 00 00 00 00 00 00 00 00
R14=0x0 is NULL
R15=0x00000148ccd2ce48 points into unknown readable memory: 04 00 00 00 00 00 00 00


Registers:
RAX=0x00000026579c3b55, RBX=0x0000000000000001, RCX=0x0000000000000000, RDX=0x000000d543a0d0e5
RSP=0x00000017daafee50, RBP=0x0000000000000018, RSI=0x0000000000000018, RDI=0x0000000000001405
R8 =0x00000000000148ed, R9 =0x0000000000000000, R10=0x0000000000000004, R11=0x000000aa28798072
R12=0x0000000000000004, R13=0x00000148ccd2c080, R14=0x0000000000000000, R15=0x00000148ccd2ce48
RIP=0x00007ffd5363cde9, EFLAGS=0x0000000000010246

Top of Stack: (sp=0x00000017daafee50)
0x00000017daafee50:   0000000000000001 0000000000000000
0x00000017daafee60:   00007ffdd4b9c500 0000000000000000
0x00000017daafee70:   0000000000000000 0000000000000000
0x00000017daafee80:   00000148a6f61f00 0000000000000000
0x00000017daafee90:   00007ffdbb3bcf68 00000148cb4928d0
0x00000017daafeea0:   00000148ccd2ce48 00000017daaff178
0x00000017daafeeb0:   00000148cb2c7380 00000148a6f61800
0x00000017daafeec0:   0000000200000005 0000000000000000
0x00000017daafeed0:   00000017daaff078 0000000000001405
0x00000017daafeee0:   0000000000000004 00000148ccd2c080
0x00000017daafeef0:   0000000000000018 00000017daaff038
0x00000017daafef00:   0000000000000000 00007ffd5329fd66
0x00000017daafef10:   00000148a6f61800 0000001700000004
0x00000017daafef20:   0000001700000000 00007ffd00000000
0x00000017daafef30:   0000001700000060 0000014800001405
0x00000017daafef40:   0000000000000000 0000014800000000 

Instructions: (pc=0x00007ffd5363cde9)
0x00007ffd5363cce9:   57 48 83 ec 78 4c 8b b9 f8 02 00 00 4c 8b e9 48
0x00007ffd5363ccf9:   63 ac 24 e0 00 00 00 44 8b c2 8b bc 24 e8 00 00
0x00007ffd5363cd09:   00 8b d5 4c 8b b4 24 f0 00 00 00 8b cf 45 8b 57
0x00007ffd5363cd19:   14 41 8b 47 18 41 f7 d2 45 23 57 0c 41 0b c2 d1
0x00007ffd5363cd29:   e9 83 e1 03 4c 89 7c 24 50 d3 e2 f7 d0 41 23 47
0x00007ffd5363cd39:   10 41 80 7f 1e 00 89 94 24 e0 00 00 00 0f 85 64
0x00007ffd5363cd49:   08 00 00 41 80 bd 4c ec 55 00 00 0f 85 56 08 00
0x00007ffd5363cd59:   00 85 ed 0f 8e 4e 08 00 00 41 83 f8 0e 0f 87 44
0x00007ffd5363cd69:   08 00 00 41 3b 95 a8 ee 55 00 0f 8f 37 08 00 00
0x00007ffd5363cd79:   41 83 7f 08 00 0f 85 2c 08 00 00 41 80 7f 1d 00
0x00007ffd5363cd89:   0f 85 21 08 00 00 41 80 7f 1c 00 0f 85 16 08 00
0x00007ffd5363cd99:   00 41 80 bd 55 38 55 00 00 0f 85 08 08 00 00 41
0x00007ffd5363cda9:   80 bd 5c 38 55 00 00 0f 85 fa 07 00 00 a9 00 00
0x00007ffd5363cdb9:   03 00 0f 85 ef 07 00 00 44 0b d0 45 85 57 20 0f
0x00007ffd5363cdc9:   85 e2 07 00 00 bb 01 00 00 00 49 8d 8d 00 f0 55
0x00007ffd5363cdd9:   00 8b d3 e8 bf 93 e7 ff 81 ff 05 14 00 00 75 18
0x00007ffd5363cde9:   41 8b 44 ae fc 4c 8d 65 ff 41 8b 0e 8b f8 3b c8
0x00007ffd5363cdf9:   0f 47 f9 0f 42 c1 eb 5b 81 ff 03 14 00 00 75 24
0x00007ffd5363ce09:   41 0f b7 4c 6e fe 4c 8d 65 ff 41 0f b7 16 0f b7
0x00007ffd5363ce19:   c1 66 3b d1 66 0f 47 c2 66 0f 42 ca 0f b7 f8 0f
0x00007ffd5363ce29:   b7 c1 eb 2f 81 ff 01 14 00 00 0f 85 77 07 00 00
0x00007ffd5363ce39:   42 0f b6 54 35 ff 4c 8d 65 ff 45 0f b6 06 8b ca
0x00007ffd5363ce49:   44 3a c2 41 0f 47 c8 0f b6 f9 8b ca 41 0f 42 c8
0x00007ffd5363ce59:   0f b6 c1 49 8b cf 8d 75 ff 2b f8 e8 47 0b 00 00
0x00007ffd5363ce69:   45 8b 57 78 41 8b c2 0f af c7 44 89 94 24 c0 00
0x00007ffd5363ce79:   00 00 41 3b 85 ac ee 55 00 0f 8f 21 07 00 00 8b
0x00007ffd5363ce89:   84 24 e8 00 00 00 0f 29 74 24 60 3d 05 14 00 00
0x00007ffd5363ce99:   0f 85 f6 00 00 00 45 8b 3e 41 8b ff 49 8d 56 04
0x00007ffd5363cea9:   3b eb 0f 8e 70 03 00 00 83 fe 08 0f 82 b1 00 00
0x00007ffd5363ceb9:   00 83 3d 9f f7 1d 02 02 0f 8c a4 00 00 00 81 e6
0x00007ffd5363cec9:   07 00 00 80 7d 07 ff ce 83 ce f8 ff c6 66 41 0f
0x00007ffd5363ced9:   6e cf 8b c5 66 0f 70 c9 00 2b c6 66 0f 6f d9 66 


Stack slot to memory mapping:
stack at sp + 0 slots: 0x0000000000000001 is an unknown value
stack at sp + 1 slots: 0x0 is NULL
stack at sp + 2 slots: 0x00007ffdd4b9c500 lwjgl_opengl.dll
stack at sp + 3 slots: 0x0 is NULL
stack at sp + 4 slots: 0x0 is NULL
stack at sp + 5 slots: 0x0 is NULL
stack at sp + 6 slots: 0x00000148a6f61f00 points into unknown readable memory: 00 00 00 00 00 00 00 00
stack at sp + 7 slots: 0x0 is NULL


---------------  P R O C E S S  ---------------

Threads class SMR info:
_java_thread_list=0x00000148cbbdd3d0, length=11, elements={
0x00000148a6f61800, 0x00000148cab2d800, 0x00000148cb3b4000, 0x00000148cb3d0000,
0x00000148cb3d4000, 0x00000148cb3d5000, 0x00000148cb3d6800, 0x00000148cb3dc000,
0x00000148cb3e0000, 0x00000148cb526000, 0x00000148cb541000
}

Java Threads: ( => current thread )
=>0x00000148a6f61800 JavaThread "main" [_thread_in_native, id=40352, stack(0x00000017daa00000,0x00000017dab00000)]
  0x00000148cab2d800 JavaThread "Reference Handler" daemon [_thread_blocked, id=37532, stack(0x00000017db100000,0x00000017db200000)]
  0x00000148cb3b4000 JavaThread "Finalizer" daemon [_thread_blocked, id=37924, stack(0x00000017db200000,0x00000017db300000)]
  0x00000148cb3d0000 JavaThread "Signal Dispatcher" daemon [_thread_blocked, id=24664, stack(0x00000017db300000,0x00000017db400000)]
  0x00000148cb3d4000 JavaThread "Attach Listener" daemon [_thread_blocked, id=16132, stack(0x00000017db400000,0x00000017db500000)]
  0x00000148cb3d5000 JavaThread "Service Thread" daemon [_thread_blocked, id=39776, stack(0x00000017db500000,0x00000017db600000)]
  0x00000148cb3d6800 JavaThread "C2 CompilerThread0" daemon [_thread_blocked, id=29444, stack(0x00000017db600000,0x00000017db700000)]
  0x00000148cb3dc000 JavaThread "C1 CompilerThread0" daemon [_thread_blocked, id=72372, stack(0x00000017db700000,0x00000017db800000)]
  0x00000148cb3e0000 JavaThread "Sweeper thread" daemon [_thread_blocked, id=42804, stack(0x00000017db800000,0x00000017db900000)]
  0x00000148cb526000 JavaThread "Notification Thread" daemon [_thread_blocked, id=6812, stack(0x00000017db900000,0x00000017dba00000)]
  0x00000148cb541000 JavaThread "Common-Cleaner" daemon [_thread_blocked, id=57452, stack(0x00000017dbb00000,0x00000017dbc00000)]

Other Threads:
  0x00000148cab29000 VMThread "VM Thread" [stack: 0x00000017db000000,0x00000017db100000] [id=70744]
  0x00000148cb53f800 WatcherThread [stack: 0x00000017dba00000,0x00000017dbb00000] [id=46508]
  0x00000148a6fc8800 GCTaskThread "GC Thread#0" [stack: 0x00000017dab00000,0x00000017dac00000] [id=6008]
  0x00000148cfd59800 GCTaskThread "GC Thread#1" [stack: 0x00000017dc500000,0x00000017dc600000] [id=36992]
  0x00000148cfd38000 GCTaskThread "GC Thread#2" [stack: 0x00000017dc600000,0x00000017dc700000] [id=3808]
  0x00000148cfc41800 GCTaskThread "GC Thread#3" [stack: 0x00000017dc700000,0x00000017dc800000] [id=40104]
  0x00000148cfc57800 GCTaskThread "GC Thread#4" [stack: 0x00000017dc800000,0x00000017dc900000] [id=46756]
  0x00000148cfc58000 GCTaskThread "GC Thread#5" [stack: 0x00000017dc900000,0x00000017dca00000] [id=27536]
  0x00000148a6fe9800 ConcurrentGCThread "G1 Main Marker" [stack: 0x00000017dac00000,0x00000017dad00000] [id=9100]
  0x00000148a6feb000 ConcurrentGCThread "G1 Conc#0" [stack: 0x00000017dad00000,0x00000017dae00000] [id=26600]
  0x00000148caa17800 ConcurrentGCThread "G1 Refine#0" [stack: 0x00000017dae00000,0x00000017daf00000] [id=22900]
  0x00000148caa18800 ConcurrentGCThread "G1 Young RemSet Sampling" [stack: 0x00000017daf00000,0x00000017db000000] [id=43916]

Threads with active compile tasks:

VM state:not at safepoint (normal execution)

VM Mutex/Monitor currently owned by a thread: None

Heap address: 0x0000000704a00000, size: 4022 MB, Compressed Oops mode: Zero based, Oop shift amount: 3
Narrow klass base: 0x0000000800000000, Narrow klass shift: 3
Compressed class space size: 1073741824 Address: 0x0000000800b30000

Heap:
 garbage-first heap   total 258048K, used 8365K [0x0000000704a00000, 0x0000000800000000)
  region size 1024K, 10 young (10240K), 3 survivors (3072K)
 Metaspace       used 7951K, capacity 10625K, committed 10752K, reserved 1058816K
  class space    used 426K, capacity 716K, committed 768K, reserved 1048576K
Heap Regions: E=young(eden), S=young(survivor), O=old, HS=humongous(starts), HC=humongous(continues), CS=collection set, F=free, OA=open archive, CA=closed archive, TAMS=top-at-mark-start (previous, next)
|   0|0x0000000704a00000, 0x0000000704a00000, 0x0000000704b00000|  0%| F|  |TAMS 0x0000000704a00000, 0x0000000704a00000| Untracked 
|   1|0x0000000704b00000, 0x0000000704b00000, 0x0000000704c00000|  0%| F|  |TAMS 0x0000000704b00000, 0x0000000704b00000| Untracked 
|   2|0x0000000704c00000, 0x0000000704c00000, 0x0000000704d00000|  0%| F|  |TAMS 0x0000000704c00000, 0x0000000704c00000| Untracked 
|   3|0x0000000704d00000, 0x0000000704d00000, 0x0000000704e00000|  0%| F|  |TAMS 0x0000000704d00000, 0x0000000704d00000| Untracked 
|   4|0x0000000704e00000, 0x0000000704e00000, 0x0000000704f00000|  0%| F|  |TAMS 0x0000000704e00000, 0x0000000704e00000| Untracked 
|   5|0x0000000704f00000, 0x0000000704f00000, 0x0000000705000000|  0%| F|  |TAMS 0x0000000704f00000, 0x0000000704f00000| Untracked 
|   6|0x0000000705000000, 0x0000000705000000, 0x0000000705100000|  0%| F|  |TAMS 0x0000000705000000, 0x0000000705000000| Untracked 
|   7|0x0000000705100000, 0x0000000705100000, 0x0000000705200000|  0%| F|  |TAMS 0x0000000705100000, 0x0000000705100000| Untracked 
|   8|0x0000000705200000, 0x0000000705200000, 0x0000000705300000|  0%| F|  |TAMS 0x0000000705200000, 0x0000000705200000| Untracked 
|   9|0x0000000705300000, 0x0000000705300000, 0x0000000705400000|  0%| F|  |TAMS 0x0000000705300000, 0x0000000705300000| Untracked 
|  10|0x0000000705400000, 0x0000000705400000, 0x0000000705500000|  0%| F|  |TAMS 0x0000000705400000, 0x0000000705400000| Untracked 
|  11|0x0000000705500000, 0x0000000705500000, 0x0000000705600000|  0%| F|  |TAMS 0x0000000705500000, 0x0000000705500000| Untracked 
|  12|0x0000000705600000, 0x0000000705600000, 0x0000000705700000|  0%| F|  |TAMS 0x0000000705600000, 0x0000000705600000| Untracked 
|  13|0x0000000705700000, 0x0000000705700000, 0x0000000705800000|  0%| F|  |TAMS 0x0000000705700000, 0x0000000705700000| Untracked 
|  14|0x0000000705800000, 0x0000000705800000, 0x0000000705900000|  0%| F|  |TAMS 0x0000000705800000, 0x0000000705800000| Untracked 
|  15|0x0000000705900000, 0x0000000705900000, 0x0000000705a00000|  0%| F|  |TAMS 0x0000000705900000, 0x0000000705900000| Untracked 
|  16|0x0000000705a00000, 0x0000000705a00000, 0x0000000705b00000|  0%| F|  |TAMS 0x0000000705a00000, 0x0000000705a00000| Untracked 
|  17|0x0000000705b00000, 0x0000000705b00000, 0x0000000705c00000|  0%| F|  |TAMS 0x0000000705b00000, 0x0000000705b00000| Untracked 
|  18|0x0000000705c00000, 0x0000000705c00000, 0x0000000705d00000|  0%| F|  |TAMS 0x0000000705c00000, 0x0000000705c00000| Untracked 
|  19|0x0000000705d00000, 0x0000000705d00000, 0x0000000705e00000|  0%| F|  |TAMS 0x0000000705d00000, 0x0000000705d00000| Untracked 
|  20|0x0000000705e00000, 0x0000000705e00000, 0x0000000705f00000|  0%| F|  |TAMS 0x0000000705e00000, 0x0000000705e00000| Untracked 
|  21|0x0000000705f00000, 0x0000000705f00000, 0x0000000706000000|  0%| F|  |TAMS 0x0000000705f00000, 0x0000000705f00000| Untracked 
|  22|0x0000000706000000, 0x0000000706000000, 0x0000000706100000|  0%| F|  |TAMS 0x0000000706000000, 0x0000000706000000| Untracked 
|  23|0x0000000706100000, 0x0000000706100000, 0x0000000706200000|  0%| F|  |TAMS 0x0000000706100000, 0x0000000706100000| Untracked 
|  24|0x0000000706200000, 0x0000000706200000, 0x0000000706300000|  0%| F|  |TAMS 0x0000000706200000, 0x0000000706200000| Untracked 
|  25|0x0000000706300000, 0x0000000706300000, 0x0000000706400000|  0%| F|  |TAMS 0x0000000706300000, 0x0000000706300000| Untracked 
|  26|0x0000000706400000, 0x0000000706400000, 0x0000000706500000|  0%| F|  |TAMS 0x0000000706400000, 0x0000000706400000| Untracked 
|  27|0x0000000706500000, 0x0000000706500000, 0x0000000706600000|  0%| F|  |TAMS 0x0000000706500000, 0x0000000706500000| Untracked 
|  28|0x0000000706600000, 0x0000000706600000, 0x0000000706700000|  0%| F|  |TAMS 0x0000000706600000, 0x0000000706600000| Untracked 
|  29|0x0000000706700000, 0x0000000706700000, 0x0000000706800000|  0%| F|  |TAMS 0x0000000706700000, 0x0000000706700000| Untracked 
|  30|0x0000000706800000, 0x0000000706800000, 0x0000000706900000|  0%| F|  |TAMS 0x0000000706800000, 0x0000000706800000| Untracked 
|  31|0x0000000706900000, 0x0000000706900000, 0x0000000706a00000|  0%| F|  |TAMS 0x0000000706900000, 0x0000000706900000| Untracked 
|  32|0x0000000706a00000, 0x0000000706a00000, 0x0000000706b00000|  0%| F|  |TAMS 0x0000000706a00000, 0x0000000706a00000| Untracked 
|  33|0x0000000706b00000, 0x0000000706b00000, 0x0000000706c00000|  0%| F|  |TAMS 0x0000000706b00000, 0x0000000706b00000| Untracked 
|  34|0x0000000706c00000, 0x0000000706c00000, 0x0000000706d00000|  0%| F|  |TAMS 0x0000000706c00000, 0x0000000706c00000| Untracked 
|  35|0x0000000706d00000, 0x0000000706d00000, 0x0000000706e00000|  0%| F|  |TAMS 0x0000000706d00000, 0x0000000706d00000| Untracked 
|  36|0x0000000706e00000, 0x0000000706e00000, 0x0000000706f00000|  0%| F|  |TAMS 0x0000000706e00000, 0x0000000706e00000| Untracked 
|  37|0x0000000706f00000, 0x0000000706f00000, 0x0000000707000000|  0%| F|  |TAMS 0x0000000706f00000, 0x0000000706f00000| Untracked 
|  38|0x0000000707000000, 0x0000000707000000, 0x0000000707100000|  0%| F|  |TAMS 0x0000000707000000, 0x0000000707000000| Untracked 
|  39|0x0000000707100000, 0x0000000707100000, 0x0000000707200000|  0%| F|  |TAMS 0x0000000707100000, 0x0000000707100000| Untracked 
|  40|0x0000000707200000, 0x0000000707200000, 0x0000000707300000|  0%| F|  |TAMS 0x0000000707200000, 0x0000000707200000| Untracked 
|  41|0x0000000707300000, 0x0000000707300000, 0x0000000707400000|  0%| F|  |TAMS 0x0000000707300000, 0x0000000707300000| Untracked 
|  42|0x0000000707400000, 0x0000000707400000, 0x0000000707500000|  0%| F|  |TAMS 0x0000000707400000, 0x0000000707400000| Untracked 
|  43|0x0000000707500000, 0x0000000707500000, 0x0000000707600000|  0%| F|  |TAMS 0x0000000707500000, 0x0000000707500000| Untracked 
|  44|0x0000000707600000, 0x0000000707600000, 0x0000000707700000|  0%| F|  |TAMS 0x0000000707600000, 0x0000000707600000| Untracked 
|  45|0x0000000707700000, 0x0000000707700000, 0x0000000707800000|  0%| F|  |TAMS 0x0000000707700000, 0x0000000707700000| Untracked 
|  46|0x0000000707800000, 0x0000000707800000, 0x0000000707900000|  0%| F|  |TAMS 0x0000000707800000, 0x0000000707800000| Untracked 
|  47|0x0000000707900000, 0x0000000707900000, 0x0000000707a00000|  0%| F|  |TAMS 0x0000000707900000, 0x0000000707900000| Untracked 
|  48|0x0000000707a00000, 0x0000000707a00000, 0x0000000707b00000|  0%| F|  |TAMS 0x0000000707a00000, 0x0000000707a00000| Untracked 
|  49|0x0000000707b00000, 0x0000000707b00000, 0x0000000707c00000|  0%| F|  |TAMS 0x0000000707b00000, 0x0000000707b00000| Untracked 
|  50|0x0000000707c00000, 0x0000000707c00000, 0x0000000707d00000|  0%| F|  |TAMS 0x0000000707c00000, 0x0000000707c00000| Untracked 
|  51|0x0000000707d00000, 0x0000000707d00000, 0x0000000707e00000|  0%| F|  |TAMS 0x0000000707d00000, 0x0000000707d00000| Untracked 
|  52|0x0000000707e00000, 0x0000000707e00000, 0x0000000707f00000|  0%| F|  |TAMS 0x0000000707e00000, 0x0000000707e00000| Untracked 
|  53|0x0000000707f00000, 0x0000000707f00000, 0x0000000708000000|  0%| F|  |TAMS 0x0000000707f00000, 0x0000000707f00000| Untracked 
|  54|0x0000000708000000, 0x0000000708000000, 0x0000000708100000|  0%| F|  |TAMS 0x0000000708000000, 0x0000000708000000| Untracked 
|  55|0x0000000708100000, 0x0000000708100000, 0x0000000708200000|  0%| F|  |TAMS 0x0000000708100000, 0x0000000708100000| Untracked 
|  56|0x0000000708200000, 0x0000000708200000, 0x0000000708300000|  0%| F|  |TAMS 0x0000000708200000, 0x0000000708200000| Untracked 
|  57|0x0000000708300000, 0x0000000708300000, 0x0000000708400000|  0%| F|  |TAMS 0x0000000708300000, 0x0000000708300000| Untracked 
|  58|0x0000000708400000, 0x0000000708400000, 0x0000000708500000|  0%| F|  |TAMS 0x0000000708400000, 0x0000000708400000| Untracked 
|  59|0x0000000708500000, 0x0000000708500000, 0x0000000708600000|  0%| F|  |TAMS 0x0000000708500000, 0x0000000708500000| Untracked 
|  60|0x0000000708600000, 0x0000000708600000, 0x0000000708700000|  0%| F|  |TAMS 0x0000000708600000, 0x0000000708600000| Untracked 
|  61|0x0000000708700000, 0x0000000708700000, 0x0000000708800000|  0%| F|  |TAMS 0x0000000708700000, 0x0000000708700000| Untracked 
|  62|0x0000000708800000, 0x0000000708800000, 0x0000000708900000|  0%| F|  |TAMS 0x0000000708800000, 0x0000000708800000| Untracked 
|  63|0x0000000708900000, 0x0000000708900000, 0x0000000708a00000|  0%| F|  |TAMS 0x0000000708900000, 0x0000000708900000| Untracked 
|  64|0x0000000708a00000, 0x0000000708a00000, 0x0000000708b00000|  0%| F|  |TAMS 0x0000000708a00000, 0x0000000708a00000| Untracked 
|  65|0x0000000708b00000, 0x0000000708b00000, 0x0000000708c00000|  0%| F|  |TAMS 0x0000000708b00000, 0x0000000708b00000| Untracked 
|  66|0x0000000708c00000, 0x0000000708c00000, 0x0000000708d00000|  0%| F|  |TAMS 0x0000000708c00000, 0x0000000708c00000| Untracked 
|  67|0x0000000708d00000, 0x0000000708d00000, 0x0000000708e00000|  0%| F|  |TAMS 0x0000000708d00000, 0x0000000708d00000| Untracked 
|  68|0x0000000708e00000, 0x0000000708e00000, 0x0000000708f00000|  0%| F|  |TAMS 0x0000000708e00000, 0x0000000708e00000| Untracked 
|  69|0x0000000708f00000, 0x0000000708f00000, 0x0000000709000000|  0%| F|  |TAMS 0x0000000708f00000, 0x0000000708f00000| Untracked 
|  70|0x0000000709000000, 0x0000000709000000, 0x0000000709100000|  0%| F|  |TAMS 0x0000000709000000, 0x0000000709000000| Untracked 
|  71|0x0000000709100000, 0x0000000709100000, 0x0000000709200000|  0%| F|  |TAMS 0x0000000709100000, 0x0000000709100000| Untracked 
|  72|0x0000000709200000, 0x0000000709200000, 0x0000000709300000|  0%| F|  |TAMS 0x0000000709200000, 0x0000000709200000| Untracked 
|  73|0x0000000709300000, 0x0000000709300000, 0x0000000709400000|  0%| F|  |TAMS 0x0000000709300000, 0x0000000709300000| Untracked 
|  74|0x0000000709400000, 0x0000000709400000, 0x0000000709500000|  0%| F|  |TAMS 0x0000000709400000, 0x0000000709400000| Untracked 
|  75|0x0000000709500000, 0x0000000709500000, 0x0000000709600000|  0%| F|  |TAMS 0x0000000709500000, 0x0000000709500000| Untracked 
|  76|0x0000000709600000, 0x0000000709600000, 0x0000000709700000|  0%| F|  |TAMS 0x0000000709600000, 0x0000000709600000| Untracked 
|  77|0x0000000709700000, 0x0000000709700000, 0x0000000709800000|  0%| F|  |TAMS 0x0000000709700000, 0x0000000709700000| Untracked 
|  78|0x0000000709800000, 0x0000000709800000, 0x0000000709900000|  0%| F|  |TAMS 0x0000000709800000, 0x0000000709800000| Untracked 
|  79|0x0000000709900000, 0x0000000709900000, 0x0000000709a00000|  0%| F|  |TAMS 0x0000000709900000, 0x0000000709900000| Untracked 
|  80|0x0000000709a00000, 0x0000000709a00000, 0x0000000709b00000|  0%| F|  |TAMS 0x0000000709a00000, 0x0000000709a00000| Untracked 
|  81|0x0000000709b00000, 0x0000000709b00000, 0x0000000709c00000|  0%| F|  |TAMS 0x0000000709b00000, 0x0000000709b00000| Untracked 
|  82|0x0000000709c00000, 0x0000000709c00000, 0x0000000709d00000|  0%| F|  |TAMS 0x0000000709c00000, 0x0000000709c00000| Untracked 
|  83|0x0000000709d00000, 0x0000000709d00000, 0x0000000709e00000|  0%| F|  |TAMS 0x0000000709d00000, 0x0000000709d00000| Untracked 
|  84|0x0000000709e00000, 0x0000000709e00000, 0x0000000709f00000|  0%| F|  |TAMS 0x0000000709e00000, 0x0000000709e00000| Untracked 
|  85|0x0000000709f00000, 0x0000000709f00000, 0x000000070a000000|  0%| F|  |TAMS 0x0000000709f00000, 0x0000000709f00000| Untracked 
|  86|0x000000070a000000, 0x000000070a000000, 0x000000070a100000|  0%| F|  |TAMS 0x000000070a000000, 0x000000070a000000| Untracked 
|  87|0x000000070a100000, 0x000000070a100000, 0x000000070a200000|  0%| F|  |TAMS 0x000000070a100000, 0x000000070a100000| Untracked 
|  88|0x000000070a200000, 0x000000070a200000, 0x000000070a300000|  0%| F|  |TAMS 0x000000070a200000, 0x000000070a200000| Untracked 
|  89|0x000000070a300000, 0x000000070a300000, 0x000000070a400000|  0%| F|  |TAMS 0x000000070a300000, 0x000000070a300000| Untracked 
|  90|0x000000070a400000, 0x000000070a400000, 0x000000070a500000|  0%| F|  |TAMS 0x000000070a400000, 0x000000070a400000| Untracked 
|  91|0x000000070a500000, 0x000000070a500000, 0x000000070a600000|  0%| F|  |TAMS 0x000000070a500000, 0x000000070a500000| Untracked 
|  92|0x000000070a600000, 0x000000070a600000, 0x000000070a700000|  0%| F|  |TAMS 0x000000070a600000, 0x000000070a600000| Untracked 
|  93|0x000000070a700000, 0x000000070a700000, 0x000000070a800000|  0%| F|  |TAMS 0x000000070a700000, 0x000000070a700000| Untracked 
|  94|0x000000070a800000, 0x000000070a800000, 0x000000070a900000|  0%| F|  |TAMS 0x000000070a800000, 0x000000070a800000| Untracked 
|  95|0x000000070a900000, 0x000000070a900000, 0x000000070aa00000|  0%| F|  |TAMS 0x000000070a900000, 0x000000070a900000| Untracked 
|  96|0x000000070aa00000, 0x000000070aa00000, 0x000000070ab00000|  0%| F|  |TAMS 0x000000070aa00000, 0x000000070aa00000| Untracked 
|  97|0x000000070ab00000, 0x000000070ab00000, 0x000000070ac00000|  0%| F|  |TAMS 0x000000070ab00000, 0x000000070ab00000| Untracked 
|  98|0x000000070ac00000, 0x000000070ac00000, 0x000000070ad00000|  0%| F|  |TAMS 0x000000070ac00000, 0x000000070ac00000| Untracked 
|  99|0x000000070ad00000, 0x000000070ad00000, 0x000000070ae00000|  0%| F|  |TAMS 0x000000070ad00000, 0x000000070ad00000| Untracked 
| 100|0x000000070ae00000, 0x000000070ae00000, 0x000000070af00000|  0%| F|  |TAMS 0x000000070ae00000, 0x000000070ae00000| Untracked 
| 101|0x000000070af00000, 0x000000070af00000, 0x000000070b000000|  0%| F|  |TAMS 0x000000070af00000, 0x000000070af00000| Untracked 
| 102|0x000000070b000000, 0x000000070b000000, 0x000000070b100000|  0%| F|  |TAMS 0x000000070b000000, 0x000000070b000000| Untracked 
| 103|0x000000070b100000, 0x000000070b100000, 0x000000070b200000|  0%| F|  |TAMS 0x000000070b100000, 0x000000070b100000| Untracked 
| 104|0x000000070b200000, 0x000000070b200000, 0x000000070b300000|  0%| F|  |TAMS 0x000000070b200000, 0x000000070b200000| Untracked 
| 105|0x000000070b300000, 0x000000070b300000, 0x000000070b400000|  0%| F|  |TAMS 0x000000070b300000, 0x000000070b300000| Untracked 
| 106|0x000000070b400000, 0x000000070b400000, 0x000000070b500000|  0%| F|  |TAMS 0x000000070b400000, 0x000000070b400000| Untracked 
| 107|0x000000070b500000, 0x000000070b500000, 0x000000070b600000|  0%| F|  |TAMS 0x000000070b500000, 0x000000070b500000| Untracked 
| 108|0x000000070b600000, 0x000000070b600000, 0x000000070b700000|  0%| F|  |TAMS 0x000000070b600000, 0x000000070b600000| Untracked 
| 109|0x000000070b700000, 0x000000070b700000, 0x000000070b800000|  0%| F|  |TAMS 0x000000070b700000, 0x000000070b700000| Untracked 
| 110|0x000000070b800000, 0x000000070b800000, 0x000000070b900000|  0%| F|  |TAMS 0x000000070b800000, 0x000000070b800000| Untracked 
| 111|0x000000070b900000, 0x000000070b900000, 0x000000070ba00000|  0%| F|  |TAMS 0x000000070b900000, 0x000000070b900000| Untracked 
| 112|0x000000070ba00000, 0x000000070ba00000, 0x000000070bb00000|  0%| F|  |TAMS 0x000000070ba00000, 0x000000070ba00000| Untracked 
| 113|0x000000070bb00000, 0x000000070bb00000, 0x000000070bc00000|  0%| F|  |TAMS 0x000000070bb00000, 0x000000070bb00000| Untracked 
| 114|0x000000070bc00000, 0x000000070bc00000, 0x000000070bd00000|  0%| F|  |TAMS 0x000000070bc00000, 0x000000070bc00000| Untracked 
| 115|0x000000070bd00000, 0x000000070bd00000, 0x000000070be00000|  0%| F|  |TAMS 0x000000070bd00000, 0x000000070bd00000| Untracked 
| 116|0x000000070be00000, 0x000000070be00000, 0x000000070bf00000|  0%| F|  |TAMS 0x000000070be00000, 0x000000070be00000| Untracked 
| 117|0x000000070bf00000, 0x000000070bf00000, 0x000000070c000000|  0%| F|  |TAMS 0x000000070bf00000, 0x000000070bf00000| Untracked 
| 118|0x000000070c000000, 0x000000070c000000, 0x000000070c100000|  0%| F|  |TAMS 0x000000070c000000, 0x000000070c000000| Untracked 
| 119|0x000000070c100000, 0x000000070c100000, 0x000000070c200000|  0%| F|  |TAMS 0x000000070c100000, 0x000000070c100000| Untracked 
| 120|0x000000070c200000, 0x000000070c200000, 0x000000070c300000|  0%| F|  |TAMS 0x000000070c200000, 0x000000070c200000| Untracked 
| 121|0x000000070c300000, 0x000000070c300000, 0x000000070c400000|  0%| F|  |TAMS 0x000000070c300000, 0x000000070c300000| Untracked 
| 122|0x000000070c400000, 0x000000070c400000, 0x000000070c500000|  0%| F|  |TAMS 0x000000070c400000, 0x000000070c400000| Untracked 
| 123|0x000000070c500000, 0x000000070c500000, 0x000000070c600000|  0%| F|  |TAMS 0x000000070c500000, 0x000000070c500000| Untracked 
| 124|0x000000070c600000, 0x000000070c600000, 0x000000070c700000|  0%| F|  |TAMS 0x000000070c600000, 0x000000070c600000| Untracked 
| 125|0x000000070c700000, 0x000000070c700000, 0x000000070c800000|  0%| F|  |TAMS 0x000000070c700000, 0x000000070c700000| Untracked 
| 126|0x000000070c800000, 0x000000070c800000, 0x000000070c900000|  0%| F|  |TAMS 0x000000070c800000, 0x000000070c800000| Untracked 
| 127|0x000000070c900000, 0x000000070c900000, 0x000000070ca00000|  0%| F|  |TAMS 0x000000070c900000, 0x000000070c900000| Untracked 
| 128|0x000000070ca00000, 0x000000070ca00000, 0x000000070cb00000|  0%| F|  |TAMS 0x000000070ca00000, 0x000000070ca00000| Untracked 
| 129|0x000000070cb00000, 0x000000070cb00000, 0x000000070cc00000|  0%| F|  |TAMS 0x000000070cb00000, 0x000000070cb00000| Untracked 
| 130|0x000000070cc00000, 0x000000070cc00000, 0x000000070cd00000|  0%| F|  |TAMS 0x000000070cc00000, 0x000000070cc00000| Untracked 
| 131|0x000000070cd00000, 0x000000070cd00000, 0x000000070ce00000|  0%| F|  |TAMS 0x000000070cd00000, 0x000000070cd00000| Untracked 
| 132|0x000000070ce00000, 0x000000070ce00000, 0x000000070cf00000|  0%| F|  |TAMS 0x000000070ce00000, 0x000000070ce00000| Untracked 
| 133|0x000000070cf00000, 0x000000070cf00000, 0x000000070d000000|  0%| F|  |TAMS 0x000000070cf00000, 0x000000070cf00000| Untracked 
| 134|0x000000070d000000, 0x000000070d000000, 0x000000070d100000|  0%| F|  |TAMS 0x000000070d000000, 0x000000070d000000| Untracked 
| 135|0x000000070d100000, 0x000000070d100000, 0x000000070d200000|  0%| F|  |TAMS 0x000000070d100000, 0x000000070d100000| Untracked 
| 136|0x000000070d200000, 0x000000070d200000, 0x000000070d300000|  0%| F|  |TAMS 0x000000070d200000, 0x000000070d200000| Untracked 
| 137|0x000000070d300000, 0x000000070d300000, 0x000000070d400000|  0%| F|  |TAMS 0x000000070d300000, 0x000000070d300000| Untracked 
| 138|0x000000070d400000, 0x000000070d400000, 0x000000070d500000|  0%| F|  |TAMS 0x000000070d400000, 0x000000070d400000| Untracked 
| 139|0x000000070d500000, 0x000000070d500000, 0x000000070d600000|  0%| F|  |TAMS 0x000000070d500000, 0x000000070d500000| Untracked 
| 140|0x000000070d600000, 0x000000070d600000, 0x000000070d700000|  0%| F|  |TAMS 0x000000070d600000, 0x000000070d600000| Untracked 
| 141|0x000000070d700000, 0x000000070d700000, 0x000000070d800000|  0%| F|  |TAMS 0x000000070d700000, 0x000000070d700000| Untracked 
| 142|0x000000070d800000, 0x000000070d800000, 0x000000070d900000|  0%| F|  |TAMS 0x000000070d800000, 0x000000070d800000| Untracked 
| 143|0x000000070d900000, 0x000000070d900000, 0x000000070da00000|  0%| F|  |TAMS 0x000000070d900000, 0x000000070d900000| Untracked 
| 144|0x000000070da00000, 0x000000070da00000, 0x000000070db00000|  0%| F|  |TAMS 0x000000070da00000, 0x000000070da00000| Untracked 
| 145|0x000000070db00000, 0x000000070db00000, 0x000000070dc00000|  0%| F|  |TAMS 0x000000070db00000, 0x000000070db00000| Untracked 
| 146|0x000000070dc00000, 0x000000070dc00000, 0x000000070dd00000|  0%| F|  |TAMS 0x000000070dc00000, 0x000000070dc00000| Untracked 
| 147|0x000000070dd00000, 0x000000070dd00000, 0x000000070de00000|  0%| F|  |TAMS 0x000000070dd00000, 0x000000070dd00000| Untracked 
| 148|0x000000070de00000, 0x000000070de00000, 0x000000070df00000|  0%| F|  |TAMS 0x000000070de00000, 0x000000070de00000| Untracked 
| 149|0x000000070df00000, 0x000000070df00000, 0x000000070e000000|  0%| F|  |TAMS 0x000000070df00000, 0x000000070df00000| Untracked 
| 150|0x000000070e000000, 0x000000070e000000, 0x000000070e100000|  0%| F|  |TAMS 0x000000070e000000, 0x000000070e000000| Untracked 
| 151|0x000000070e100000, 0x000000070e100000, 0x000000070e200000|  0%| F|  |TAMS 0x000000070e100000, 0x000000070e100000| Untracked 
| 152|0x000000070e200000, 0x000000070e200000, 0x000000070e300000|  0%| F|  |TAMS 0x000000070e200000, 0x000000070e200000| Untracked 
| 153|0x000000070e300000, 0x000000070e300000, 0x000000070e400000|  0%| F|  |TAMS 0x000000070e300000, 0x000000070e300000| Untracked 
| 154|0x000000070e400000, 0x000000070e400000, 0x000000070e500000|  0%| F|  |TAMS 0x000000070e400000, 0x000000070e400000| Untracked 
| 155|0x000000070e500000, 0x000000070e500000, 0x000000070e600000|  0%| F|  |TAMS 0x000000070e500000, 0x000000070e500000| Untracked 
| 156|0x000000070e600000, 0x000000070e600000, 0x000000070e700000|  0%| F|  |TAMS 0x000000070e600000, 0x000000070e600000| Untracked 
| 157|0x000000070e700000, 0x000000070e700000, 0x000000070e800000|  0%| F|  |TAMS 0x000000070e700000, 0x000000070e700000| Untracked 
| 158|0x000000070e800000, 0x000000070e800000, 0x000000070e900000|  0%| F|  |TAMS 0x000000070e800000, 0x000000070e800000| Untracked 
| 159|0x000000070e900000, 0x000000070e900000, 0x000000070ea00000|  0%| F|  |TAMS 0x000000070e900000, 0x000000070e900000| Untracked 
| 160|0x000000070ea00000, 0x000000070ea00000, 0x000000070eb00000|  0%| F|  |TAMS 0x000000070ea00000, 0x000000070ea00000| Untracked 
| 161|0x000000070eb00000, 0x000000070eb00000, 0x000000070ec00000|  0%| F|  |TAMS 0x000000070eb00000, 0x000000070eb00000| Untracked 
| 162|0x000000070ec00000, 0x000000070ec00000, 0x000000070ed00000|  0%| F|  |TAMS 0x000000070ec00000, 0x000000070ec00000| Untracked 
| 163|0x000000070ed00000, 0x000000070ed00000, 0x000000070ee00000|  0%| F|  |TAMS 0x000000070ed00000, 0x000000070ed00000| Untracked 
| 164|0x000000070ee00000, 0x000000070ee00000, 0x000000070ef00000|  0%| F|  |TAMS 0x000000070ee00000, 0x000000070ee00000| Untracked 
| 165|0x000000070ef00000, 0x000000070ef00000, 0x000000070f000000|  0%| F|  |TAMS 0x000000070ef00000, 0x000000070ef00000| Untracked 
| 166|0x000000070f000000, 0x000000070f000000, 0x000000070f100000|  0%| F|  |TAMS 0x000000070f000000, 0x000000070f000000| Untracked 
| 167|0x000000070f100000, 0x000000070f100000, 0x000000070f200000|  0%| F|  |TAMS 0x000000070f100000, 0x000000070f100000| Untracked 
| 168|0x000000070f200000, 0x000000070f200000, 0x000000070f300000|  0%| F|  |TAMS 0x000000070f200000, 0x000000070f200000| Untracked 
| 169|0x000000070f300000, 0x000000070f300000, 0x000000070f400000|  0%| F|  |TAMS 0x000000070f300000, 0x000000070f300000| Untracked 
| 170|0x000000070f400000, 0x000000070f400000, 0x000000070f500000|  0%| F|  |TAMS 0x000000070f400000, 0x000000070f400000| Untracked 
| 171|0x000000070f500000, 0x000000070f500000, 0x000000070f600000|  0%| F|  |TAMS 0x000000070f500000, 0x000000070f500000| Untracked 
| 172|0x000000070f600000, 0x000000070f600000, 0x000000070f700000|  0%| F|  |TAMS 0x000000070f600000, 0x000000070f600000| Untracked 
| 173|0x000000070f700000, 0x000000070f700000, 0x000000070f800000|  0%| F|  |TAMS 0x000000070f700000, 0x000000070f700000| Untracked 
| 174|0x000000070f800000, 0x000000070f800000, 0x000000070f900000|  0%| F|  |TAMS 0x000000070f800000, 0x000000070f800000| Untracked 
| 175|0x000000070f900000, 0x000000070f900000, 0x000000070fa00000|  0%| F|  |TAMS 0x000000070f900000, 0x000000070f900000| Untracked 
| 176|0x000000070fa00000, 0x000000070fa00000, 0x000000070fb00000|  0%| F|  |TAMS 0x000000070fa00000, 0x000000070fa00000| Untracked 
| 177|0x000000070fb00000, 0x000000070fb00000, 0x000000070fc00000|  0%| F|  |TAMS 0x000000070fb00000, 0x000000070fb00000| Untracked 
| 178|0x000000070fc00000, 0x000000070fc00000, 0x000000070fd00000|  0%| F|  |TAMS 0x000000070fc00000, 0x000000070fc00000| Untracked 
| 179|0x000000070fd00000, 0x000000070fd00000, 0x000000070fe00000|  0%| F|  |TAMS 0x000000070fd00000, 0x000000070fd00000| Untracked 
| 180|0x000000070fe00000, 0x000000070fe00000, 0x000000070ff00000|  0%| F|  |TAMS 0x000000070fe00000, 0x000000070fe00000| Untracked 
| 181|0x000000070ff00000, 0x000000070ff00000, 0x0000000710000000|  0%| F|  |TAMS 0x000000070ff00000, 0x000000070ff00000| Untracked 
| 182|0x0000000710000000, 0x0000000710000000, 0x0000000710100000|  0%| F|  |TAMS 0x0000000710000000, 0x0000000710000000| Untracked 
| 183|0x0000000710100000, 0x0000000710100000, 0x0000000710200000|  0%| F|  |TAMS 0x0000000710100000, 0x0000000710100000| Untracked 
| 184|0x0000000710200000, 0x0000000710200000, 0x0000000710300000|  0%| F|  |TAMS 0x0000000710200000, 0x0000000710200000| Untracked 
| 185|0x0000000710300000, 0x0000000710300000, 0x0000000710400000|  0%| F|  |TAMS 0x0000000710300000, 0x0000000710300000| Untracked 
| 186|0x0000000710400000, 0x0000000710400000, 0x0000000710500000|  0%| F|  |TAMS 0x0000000710400000, 0x0000000710400000| Untracked 
| 187|0x0000000710500000, 0x0000000710500000, 0x0000000710600000|  0%| F|  |TAMS 0x0000000710500000, 0x0000000710500000| Untracked 
| 188|0x0000000710600000, 0x0000000710600000, 0x0000000710700000|  0%| F|  |TAMS 0x0000000710600000, 0x0000000710600000| Untracked 
| 189|0x0000000710700000, 0x0000000710700000, 0x0000000710800000|  0%| F|  |TAMS 0x0000000710700000, 0x0000000710700000| Untracked 
| 190|0x0000000710800000, 0x0000000710800000, 0x0000000710900000|  0%| F|  |TAMS 0x0000000710800000, 0x0000000710800000| Untracked 
| 191|0x0000000710900000, 0x0000000710900000, 0x0000000710a00000|  0%| F|  |TAMS 0x0000000710900000, 0x0000000710900000| Untracked 
| 192|0x0000000710a00000, 0x0000000710a00000, 0x0000000710b00000|  0%| F|  |TAMS 0x0000000710a00000, 0x0000000710a00000| Untracked 
| 193|0x0000000710b00000, 0x0000000710b00000, 0x0000000710c00000|  0%| F|  |TAMS 0x0000000710b00000, 0x0000000710b00000| Untracked 
| 194|0x0000000710c00000, 0x0000000710c00000, 0x0000000710d00000|  0%| F|  |TAMS 0x0000000710c00000, 0x0000000710c00000| Untracked 
| 195|0x0000000710d00000, 0x0000000710d00000, 0x0000000710e00000|  0%| F|  |TAMS 0x0000000710d00000, 0x0000000710d00000| Untracked 
| 196|0x0000000710e00000, 0x0000000710e00000, 0x0000000710f00000|  0%| F|  |TAMS 0x0000000710e00000, 0x0000000710e00000| Untracked 
| 197|0x0000000710f00000, 0x0000000710f00000, 0x0000000711000000|  0%| F|  |TAMS 0x0000000710f00000, 0x0000000710f00000| Untracked 
| 198|0x0000000711000000, 0x0000000711000000, 0x0000000711100000|  0%| F|  |TAMS 0x0000000711000000, 0x0000000711000000| Untracked 
| 199|0x0000000711100000, 0x0000000711100000, 0x0000000711200000|  0%| F|  |TAMS 0x0000000711100000, 0x0000000711100000| Untracked 
| 200|0x0000000711200000, 0x0000000711200000, 0x0000000711300000|  0%| F|  |TAMS 0x0000000711200000, 0x0000000711200000| Untracked 
| 201|0x0000000711300000, 0x0000000711300000, 0x0000000711400000|  0%| F|  |TAMS 0x0000000711300000, 0x0000000711300000| Untracked 
| 202|0x0000000711400000, 0x0000000711400000, 0x0000000711500000|  0%| F|  |TAMS 0x0000000711400000, 0x0000000711400000| Untracked 
| 203|0x0000000711500000, 0x0000000711500000, 0x0000000711600000|  0%| F|  |TAMS 0x0000000711500000, 0x0000000711500000| Untracked 
| 204|0x0000000711600000, 0x0000000711600000, 0x0000000711700000|  0%| F|  |TAMS 0x0000000711600000, 0x0000000711600000| Untracked 
| 205|0x0000000711700000, 0x0000000711700000, 0x0000000711800000|  0%| F|  |TAMS 0x0000000711700000, 0x0000000711700000| Untracked 
| 206|0x0000000711800000, 0x0000000711800000, 0x0000000711900000|  0%| F|  |TAMS 0x0000000711800000, 0x0000000711800000| Untracked 
| 207|0x0000000711900000, 0x0000000711900000, 0x0000000711a00000|  0%| F|  |TAMS 0x0000000711900000, 0x0000000711900000| Untracked 
| 208|0x0000000711a00000, 0x0000000711a00000, 0x0000000711b00000|  0%| F|  |TAMS 0x0000000711a00000, 0x0000000711a00000| Untracked 
| 209|0x0000000711b00000, 0x0000000711b00000, 0x0000000711c00000|  0%| F|  |TAMS 0x0000000711b00000, 0x0000000711b00000| Untracked 
| 210|0x0000000711c00000, 0x0000000711c00000, 0x0000000711d00000|  0%| F|  |TAMS 0x0000000711c00000, 0x0000000711c00000| Untracked 
| 211|0x0000000711d00000, 0x0000000711d00000, 0x0000000711e00000|  0%| F|  |TAMS 0x0000000711d00000, 0x0000000711d00000| Untracked 
| 212|0x0000000711e00000, 0x0000000711e00000, 0x0000000711f00000|  0%| F|  |TAMS 0x0000000711e00000, 0x0000000711e00000| Untracked 
| 213|0x0000000711f00000, 0x0000000711f00000, 0x0000000712000000|  0%| F|  |TAMS 0x0000000711f00000, 0x0000000711f00000| Untracked 
| 214|0x0000000712000000, 0x0000000712000000, 0x0000000712100000|  0%| F|  |TAMS 0x0000000712000000, 0x0000000712000000| Untracked 
| 215|0x0000000712100000, 0x0000000712100000, 0x0000000712200000|  0%| F|  |TAMS 0x0000000712100000, 0x0000000712100000| Untracked 
| 216|0x0000000712200000, 0x0000000712200000, 0x0000000712300000|  0%| F|  |TAMS 0x0000000712200000, 0x0000000712200000| Untracked 
| 217|0x0000000712300000, 0x0000000712300000, 0x0000000712400000|  0%| F|  |TAMS 0x0000000712300000, 0x0000000712300000| Untracked 
| 218|0x0000000712400000, 0x0000000712400000, 0x0000000712500000|  0%| F|  |TAMS 0x0000000712400000, 0x0000000712400000| Untracked 
| 219|0x0000000712500000, 0x0000000712500000, 0x0000000712600000|  0%| F|  |TAMS 0x0000000712500000, 0x0000000712500000| Untracked 
| 220|0x0000000712600000, 0x0000000712600000, 0x0000000712700000|  0%| F|  |TAMS 0x0000000712600000, 0x0000000712600000| Untracked 
| 221|0x0000000712700000, 0x0000000712700000, 0x0000000712800000|  0%| F|  |TAMS 0x0000000712700000, 0x0000000712700000| Untracked 
| 222|0x0000000712800000, 0x0000000712800000, 0x0000000712900000|  0%| F|  |TAMS 0x0000000712800000, 0x0000000712800000| Untracked 
| 223|0x0000000712900000, 0x0000000712900000, 0x0000000712a00000|  0%| F|  |TAMS 0x0000000712900000, 0x0000000712900000| Untracked 
| 224|0x0000000712a00000, 0x0000000712a00000, 0x0000000712b00000|  0%| F|  |TAMS 0x0000000712a00000, 0x0000000712a00000| Untracked 
| 225|0x0000000712b00000, 0x0000000712b00000, 0x0000000712c00000|  0%| F|  |TAMS 0x0000000712b00000, 0x0000000712b00000| Untracked 
| 226|0x0000000712c00000, 0x0000000712c2b4e0, 0x0000000712d00000| 16%| S|CS|TAMS 0x0000000712c00000, 0x0000000712c00000| Complete 
| 227|0x0000000712d00000, 0x0000000712e00000, 0x0000000712e00000|100%| S|CS|TAMS 0x0000000712d00000, 0x0000000712d00000| Complete 
| 228|0x0000000712e00000, 0x0000000712f00000, 0x0000000712f00000|100%| S|CS|TAMS 0x0000000712e00000, 0x0000000712e00000| Complete 
| 229|0x0000000712f00000, 0x0000000712f00000, 0x0000000713000000|  0%| F|  |TAMS 0x0000000712f00000, 0x0000000712f00000| Untracked 
| 230|0x0000000713000000, 0x0000000713000000, 0x0000000713100000|  0%| F|  |TAMS 0x0000000713000000, 0x0000000713000000| Untracked 
| 231|0x0000000713100000, 0x0000000713100000, 0x0000000713200000|  0%| F|  |TAMS 0x0000000713100000, 0x0000000713100000| Untracked 
| 232|0x0000000713200000, 0x0000000713200000, 0x0000000713300000|  0%| F|  |TAMS 0x0000000713200000, 0x0000000713200000| Untracked 
| 233|0x0000000713300000, 0x0000000713300000, 0x0000000713400000|  0%| F|  |TAMS 0x0000000713300000, 0x0000000713300000| Untracked 
| 234|0x0000000713400000, 0x0000000713400000, 0x0000000713500000|  0%| F|  |TAMS 0x0000000713400000, 0x0000000713400000| Untracked 
| 235|0x0000000713500000, 0x0000000713500000, 0x0000000713600000|  0%| F|  |TAMS 0x0000000713500000, 0x0000000713500000| Untracked 
| 236|0x0000000713600000, 0x0000000713600000, 0x0000000713700000|  0%| F|  |TAMS 0x0000000713600000, 0x0000000713600000| Untracked 
| 237|0x0000000713700000, 0x0000000713700000, 0x0000000713800000|  0%| F|  |TAMS 0x0000000713700000, 0x0000000713700000| Untracked 
| 238|0x0000000713800000, 0x0000000713800000, 0x0000000713900000|  0%| F|  |TAMS 0x0000000713800000, 0x0000000713800000| Untracked 
| 239|0x0000000713900000, 0x0000000713900000, 0x0000000713a00000|  0%| F|  |TAMS 0x0000000713900000, 0x0000000713900000| Untracked 
| 240|0x0000000713a00000, 0x0000000713a00000, 0x0000000713b00000|  0%| F|  |TAMS 0x0000000713a00000, 0x0000000713a00000| Untracked 
| 241|0x0000000713b00000, 0x0000000713b00000, 0x0000000713c00000|  0%| F|  |TAMS 0x0000000713b00000, 0x0000000713b00000| Untracked 
| 242|0x0000000713c00000, 0x0000000713c00000, 0x0000000713d00000|  0%| F|  |TAMS 0x0000000713c00000, 0x0000000713c00000| Untracked 
| 243|0x0000000713d00000, 0x0000000713d00000, 0x0000000713e00000|  0%| F|  |TAMS 0x0000000713d00000, 0x0000000713d00000| Untracked 
| 244|0x0000000713e00000, 0x0000000713e00000, 0x0000000713f00000|  0%| F|  |TAMS 0x0000000713e00000, 0x0000000713e00000| Untracked 
| 245|0x0000000713f00000, 0x0000000713f96638, 0x0000000714000000| 58%| E|  |TAMS 0x0000000713f00000, 0x0000000713f00000| Complete 
| 246|0x0000000714000000, 0x0000000714100000, 0x0000000714100000|100%| E|CS|TAMS 0x0000000714000000, 0x0000000714000000| Complete 
| 247|0x0000000714100000, 0x0000000714200000, 0x0000000714200000|100%| E|CS|TAMS 0x0000000714100000, 0x0000000714100000| Complete 
| 248|0x0000000714200000, 0x0000000714300000, 0x0000000714300000|100%| E|CS|TAMS 0x0000000714200000, 0x0000000714200000| Complete 
| 249|0x0000000714300000, 0x0000000714400000, 0x0000000714400000|100%| E|CS|TAMS 0x0000000714300000, 0x0000000714300000| Complete 
| 250|0x0000000714400000, 0x0000000714500000, 0x0000000714500000|100%| E|CS|TAMS 0x0000000714400000, 0x0000000714400000| Complete 
| 251|0x0000000714500000, 0x0000000714600000, 0x0000000714600000|100%| E|CS|TAMS 0x0000000714500000, 0x0000000714500000| Complete 

Card table byte_map: [0x00000148bf220000,0x00000148bfa00000] _byte_map_base: 0x00000148bb9fb000

Marking Bits (Prev, Next): (CMBitMap*) 0x00000148a6fc9508, (CMBitMap*) 0x00000148a6fc9548
 Prev Bits: [0x00000148c01e0000, 0x00000148c40b8000)
 Next Bits: [0x00000148c40c0000, 0x00000148c7f98000)

Polling page: 0x00000148a6740000

Metaspace:

Usage:
  Non-class:      9.68 MB capacity,     7.35 MB ( 76%) used,     2.32 MB ( 24%) free+waste,    12.69 KB ( <1%) overhead. 
      Class:    716.00 KB capacity,   426.66 KB ( 60%) used,   284.28 KB ( 40%) free+waste,     5.06 KB ( <1%) overhead. 
       Both:     10.38 MB capacity,     7.77 MB ( 75%) used,     2.59 MB ( 25%) free+waste,    17.75 KB ( <1%) overhead. 

Virtual space:
  Non-class space:       10.00 MB reserved,       9.75 MB ( 98%) committed 
      Class space:        1.00 GB reserved,     768.00 KB ( <1%) committed 
             Both:        1.01 GB reserved,      10.50 MB (  1%) committed 

Chunk freelists:
   Non-Class:  75.00 KB
       Class:  20.00 KB
        Both:  95.00 KB

MaxMetaspaceSize: 17179869184.00 GB
CompressedClassSpaceSize: 1.00 GB

CodeHeap 'non-profiled nmethods': size=120000Kb used=301Kb max_used=301Kb free=119698Kb
 bounds [0x00000148b71e0000, 0x00000148b7450000, 0x00000148be710000]
CodeHeap 'profiled nmethods': size=120000Kb used=1563Kb max_used=1563Kb free=118436Kb
 bounds [0x00000148afcb0000, 0x00000148aff20000, 0x00000148b71e0000]
CodeHeap 'non-nmethods': size=5760Kb used=1662Kb max_used=1674Kb free=4097Kb
 bounds [0x00000148af710000, 0x00000148af980000, 0x00000148afcb0000]
 total_blobs=1940 nmethods=883 adapters=970
 compilation: enabled
              stopped_count=0, restarted_count=0
 full_count=0

Compilation events (20 events):
Event: 0.971 Thread 0x00000148cb3dc000  865       3       java.lang.invoke.LambdaForm::internArgument (85 bytes)
Event: 0.971 Thread 0x00000148cb3dc000 nmethod 865 0x00000148afe34390 code [0x00000148afe34560, 0x00000148afe34928]
Event: 0.971 Thread 0x00000148cb3dc000  875       1       java.lang.invoke.LambdaForm$NamedFunction::intrinsicName (5 bytes)
Event: 0.971 Thread 0x00000148cb3dc000 nmethod 875 0x00000148b7229810 code [0x00000148b72299a0, 0x00000148b7229a78]
Event: 0.971 Thread 0x00000148cb3dc000  862       3       java.lang.invoke.MethodHandle::<init> (37 bytes)
Event: 0.971 Thread 0x00000148cb3dc000 nmethod 862 0x00000148afe34b10 code [0x00000148afe34d20, 0x00000148afe352b8]
Event: 0.972 Thread 0x00000148cb3d6800  876       4       sun.misc.Unsafe::putByte (9 bytes)
Event: 0.972 Thread 0x00000148cb3d6800 nmethod 876 0x00000148b7229b10 code [0x00000148b7229c80, 0x00000148b7229cf8]
Event: 0.974 Thread 0x00000148cb3dc000  877       3       java.net.URI::match (56 bytes)
Event: 0.974 Thread 0x00000148cb3dc000 nmethod 877 0x00000148afe35510 code [0x00000148afe356c0, 0x00000148afe35978]
Event: 0.974 Thread 0x00000148cb3dc000  878       3       sun.nio.cs.SingleByte$Encoder::encode (32 bytes)
Event: 0.974 Thread 0x00000148cb3dc000 nmethod 878 0x00000148afe35a10 code [0x00000148afe35bc0, 0x00000148afe35d98]
Event: 1.044 Thread 0x00000148cb3d6800  880  s!   4       jdk.internal.loader.URLClassPath::getLoader (194 bytes)
Event: 1.047 Thread 0x00000148cb3d6800 nmethod 880 0x00000148b722a290 code [0x00000148b722a4e0, 0x00000148b722aec8]
Event: 1.050 Thread 0x00000148cb3dc000  881       3       java.util.LinkedHashMap::get (33 bytes)
Event: 1.051 Thread 0x00000148cb3dc000 nmethod 881 0x00000148afe35f10 code [0x00000148afe360e0, 0x00000148afe364c8]
Event: 1.058 Thread 0x00000148cb3dc000  882       1       java.lang.reflect.Method::getName (5 bytes)
Event: 1.058 Thread 0x00000148cb3dc000 nmethod 882 0x00000148b722b210 code [0x00000148b722b3a0, 0x00000148b722b478]
Event: 1.058 Thread 0x00000148cb3dc000  883       3       java.util.ImmutableCollections$Set12::contains (28 bytes)
Event: 1.058 Thread 0x00000148cb3dc000 nmethod 883 0x00000148afe36690 code [0x00000148afe36840, 0x00000148afe36bb8]

GC Heap History (2 events):
Event: 0.756 GC heap before
{Heap before GC invocations=0 (full 0):
 garbage-first heap   total 258048K, used 22528K [0x0000000704a00000, 0x0000000800000000)
  region size 1024K, 23 young (23552K), 0 survivors (0K)
 Metaspace       used 5415K, capacity 8185K, committed 8320K, reserved 1056768K
  class space    used 320K, capacity 604K, committed 640K, reserved 1048576K
}
Event: 0.759 GC heap after
{Heap after GC invocations=1 (full 0):
 garbage-first heap   total 258048K, used 2221K [0x0000000704a00000, 0x0000000800000000)
  region size 1024K, 3 young (3072K), 3 survivors (3072K)
 Metaspace       used 5415K, capacity 8185K, committed 8320K, reserved 1056768K
  class space    used 320K, capacity 604K, committed 640K, reserved 1048576K
}

Deoptimization events (20 events):
Event: 0.210 Thread 0x00000148a6f61800 DEOPT PACKING pc=0x00000148afcf0f5f sp=0x00000017daafceb0
Event: 0.210 Thread 0x00000148a6f61800 DEOPT UNPACKING pc=0x00000148af7583de sp=0x00000017daafc328 mode 0
Event: 0.213 Thread 0x00000148a6f61800 DEOPT PACKING pc=0x00000148afcf0f5f sp=0x00000017daafbd00
Event: 0.213 Thread 0x00000148a6f61800 DEOPT UNPACKING pc=0x00000148af7583de sp=0x00000017daafb150 mode 0
Event: 0.218 Thread 0x00000148a6f61800 Uncommon trap: trap_request=0xffffff45 fr.pc=0x00000148b72083d0 relative=0x0000000000000270
Event: 0.218 Thread 0x00000148a6f61800 Uncommon trap: reason=unstable_if action=reinterpret pc=0x00000148b72083d0 method=java.lang.String.startsWith(Ljava/lang/String;I)Z @ 14 c2
Event: 0.218 Thread 0x00000148a6f61800 DEOPT PACKING pc=0x00000148b72083d0 sp=0x00000017daafe040
Event: 0.218 Thread 0x00000148a6f61800 DEOPT UNPACKING pc=0x00000148af71852f sp=0x00000017daafdfa0 mode 2
Event: 0.656 Thread 0x00000148a6f61800 Uncommon trap: trap_request=0xffffff54 fr.pc=0x00000148b7215108 relative=0x0000000000000068
Event: 0.656 Thread 0x00000148a6f61800 Uncommon trap: reason=speculate_null_assert action=make_not_entrant pc=0x00000148b7215108 method=sun.misc.Unsafe.getLong(Ljava/lang/Object;J)J @ 5 c2
Event: 0.656 Thread 0x00000148a6f61800 DEOPT PACKING pc=0x00000148b7215108 sp=0x00000017daafedc0
Event: 0.656 Thread 0x00000148a6f61800 DEOPT UNPACKING pc=0x00000148af71852f sp=0x00000017daafed48 mode 2
Event: 0.778 Thread 0x00000148a6f61800 Uncommon trap: trap_request=0xffffff54 fr.pc=0x00000148b7214390 relative=0x0000000000000070
Event: 0.778 Thread 0x00000148a6f61800 Uncommon trap: reason=speculate_null_assert action=make_not_entrant pc=0x00000148b7214390 method=sun.misc.Unsafe.putLong(Ljava/lang/Object;JJ)V @ 7 c2
Event: 0.778 Thread 0x00000148a6f61800 DEOPT PACKING pc=0x00000148b7214390 sp=0x00000017daafedc0
Event: 0.778 Thread 0x00000148a6f61800 DEOPT UNPACKING pc=0x00000148af71852f sp=0x00000017daafed38 mode 2
Event: 0.959 Thread 0x00000148a6f61800 Uncommon trap: trap_request=0xffffff45 fr.pc=0x00000148b721235c relative=0x000000000000003c
Event: 0.959 Thread 0x00000148a6f61800 Uncommon trap: reason=unstable_if action=reinterpret pc=0x00000148b721235c method=sun.nio.fs.WindowsPathParser.isSlash(C)Z @ 9 c2
Event: 0.959 Thread 0x00000148a6f61800 DEOPT PACKING pc=0x00000148b721235c sp=0x00000017daafee80
Event: 0.959 Thread 0x00000148a6f61800 DEOPT UNPACKING pc=0x00000148af71852f sp=0x00000017daafee08 mode 2

Classes unloaded (0 events):
No events

Classes redefined (0 events):
No events

Internal exceptions (4 events):
Event: 0.137 Thread 0x00000148a6f61800 Exception <a 'java/lang/NoSuchMethodError'{0x0000000714161908}: 'void java.lang.invoke.DelegatingMethodHandle$Holder.delegate(java.lang.Object, java.lang.Object, int, java.lang.Object)'> (0x0000000714161908) 
thrown [./open/src/hotspot/share/interpreter/linkResolver.cpp, line 766]
Event: 0.137 Thread 0x00000148a6f61800 Exception <a 'java/lang/NoSuchMethodError'{0x0000000714168608}: 'java.lang.Object java.lang.invoke.DirectMethodHandle$Holder.invokeStaticInit(java.lang.Object, java.lang.Object, java.lang.Object)'> (0x0000000714168608) 
thrown [./open/src/hotspot/share/interpreter/linkResolver.cpp, line 766]
Event: 0.626 Thread 0x00000148a6f61800 Exception <a 'sun/nio/fs/WindowsException'{0x0000000713cc9be8}> (0x0000000713cc9be8) 
thrown [./open/src/hotspot/share/prims/jni.cpp, line 599]
Event: 0.626 Thread 0x00000148a6f61800 Exception <a 'sun/nio/fs/WindowsException'{0x0000000713cca0d0}> (0x0000000713cca0d0) 
thrown [./open/src/hotspot/share/prims/jni.cpp, line 599]

Events (20 events):
Event: 0.963 loading class java/lang/invoke/BoundMethodHandle$Species_LLL
Event: 0.963 loading class java/lang/invoke/BoundMethodHandle$Species_LLL done
Event: 0.963 loading class java/lang/invoke/BoundMethodHandle$Species_LLLL
Event: 0.963 loading class java/lang/invoke/BoundMethodHandle$Species_LLLL done
Event: 0.964 loading class java/lang/invoke/BoundMethodHandle$Species_LLLLL
Event: 0.964 loading class java/lang/invoke/BoundMethodHandle$Species_LLLLL done
Event: 0.965 loading class java/lang/invoke/BoundMethodHandle$Species_LJ
Event: 0.965 loading class java/lang/invoke/BoundMethodHandle$Species_LJ done
Event: 0.965 loading class java/lang/invoke/BoundMethodHandle$Species_LLLLLL
Event: 0.965 loading class java/lang/invoke/BoundMethodHandle$Species_LLLLLL done
Event: 0.966 loading class java/lang/invoke/BoundMethodHandle$Species_LLLLLLL
Event: 0.966 loading class java/lang/invoke/BoundMethodHandle$Species_LLLLLLL done
Event: 0.971 Executing VM operation: HandshakeOneThread
Event: 0.971 Executing VM operation: HandshakeOneThread done
Event: 0.995 loading class java/lang/SecurityException
Event: 0.995 loading class java/lang/SecurityException done
Event: 0.996 loading class jdk/internal/access/foreign/MemorySegmentProxy
Event: 0.997 loading class jdk/internal/access/foreign/MemorySegmentProxy done
Event: 1.058 loading class java/lang/NumberFormatException
Event: 1.058 loading class java/lang/NumberFormatException done


Dynamic libraries:
0x00007ff6385b0000 - 0x00007ff6385bf000 	C:\Program Files\Java\jdk-14.0.2\bin\java.exe
0x00007ffe24ee0000 - 0x00007ffe250e9000 	C:\WINDOWS\SYSTEM32\ntdll.dll
0x00007ffe23f50000 - 0x00007ffe2400d000 	C:\WINDOWS\System32\KERNEL32.DLL
0x00007ffe226e0000 - 0x00007ffe22a5b000 	C:\WINDOWS\System32\KERNELBASE.dll
0x00007ffe22bd0000 - 0x00007ffe22ce1000 	C:\WINDOWS\System32\ucrtbase.dll
0x00007ffe06b00000 - 0x00007ffe06b15000 	C:\Program Files\Java\jdk-14.0.2\bin\VCRUNTIME140.dll
0x00007ffe07fc0000 - 0x00007ffe07fd8000 	C:\Program Files\Java\jdk-14.0.2\bin\jli.dll
0x00007ffe22e20000 - 0x00007ffe22ece000 	C:\WINDOWS\System32\ADVAPI32.dll
0x00007ffe24cd0000 - 0x00007ffe24d73000 	C:\WINDOWS\System32\msvcrt.dll
0x00007ffe23a10000 - 0x00007ffe23aae000 	C:\WINDOWS\System32\sechost.dll
0x00007ffe24d80000 - 0x00007ffe24ea0000 	C:\WINDOWS\System32\RPCRT4.dll
0x00007ffe23090000 - 0x00007ffe2323d000 	C:\WINDOWS\System32\USER32.dll
0x00007ffe04770000 - 0x00007ffe04a15000 	C:\WINDOWS\WinSxS\amd64_microsoft.windows.common-controls_6595b64144ccf1df_6.0.22000.120_none_9d947278b86cc467\COMCTL32.dll
0x00007ffe224d0000 - 0x00007ffe224f6000 	C:\WINDOWS\System32\win32u.dll
0x00007ffe23ab0000 - 0x00007ffe23ad9000 	C:\WINDOWS\System32\GDI32.dll
0x00007ffe223b0000 - 0x00007ffe224c8000 	C:\WINDOWS\System32\gdi32full.dll
0x00007ffe22500000 - 0x00007ffe2259d000 	C:\WINDOWS\System32\msvcp_win.dll
0x00007ffe10970000 - 0x00007ffe1097a000 	C:\WINDOWS\SYSTEM32\VERSION.dll
0x00007ffe24c20000 - 0x00007ffe24c51000 	C:\WINDOWS\System32\IMM32.DLL
0x00007ffdd6660000 - 0x00007ffdd66fb000 	C:\Program Files\Java\jdk-14.0.2\bin\msvcp140.dll
0x00007ffdbab60000 - 0x00007ffdbb67e000 	C:\Program Files\Java\jdk-14.0.2\bin\server\jvm.dll
0x00007ffe23250000 - 0x00007ffe23258000 	C:\WINDOWS\System32\PSAPI.DLL
0x00007ffdff030000 - 0x00007ffdff039000 	C:\WINDOWS\SYSTEM32\WSOCK32.dll
0x00007ffe0b600000 - 0x00007ffe0b633000 	C:\WINDOWS\SYSTEM32\WINMM.dll
0x00007ffe24ac0000 - 0x00007ffe24b2f000 	C:\WINDOWS\System32\WS2_32.dll
0x00007ffe214e0000 - 0x00007ffe214f8000 	C:\WINDOWS\SYSTEM32\kernel.appcore.dll
0x00007ffe0be30000 - 0x00007ffe0be3a000 	C:\Program Files\Java\jdk-14.0.2\bin\jimage.dll
0x00007ffe1fdf0000 - 0x00007ffe20011000 	C:\WINDOWS\SYSTEM32\DBGHELP.DLL
0x00007ffe0c860000 - 0x00007ffe0c891000 	C:\WINDOWS\SYSTEM32\dbgcore.DLL
0x00007ffe225a0000 - 0x00007ffe2261f000 	C:\WINDOWS\System32\bcryptPrimitives.dll
0x00007ffe06ad0000 - 0x00007ffe06af5000 	C:\Program Files\Java\jdk-14.0.2\bin\java.dll
0x00007ffe06530000 - 0x00007ffe06546000 	C:\Program Files\Java\jdk-14.0.2\bin\zip.dll
0x00007ffe24190000 - 0x00007ffe24948000 	C:\WINDOWS\System32\SHELL32.dll
0x00007ffe20440000 - 0x00007ffe20ca5000 	C:\WINDOWS\SYSTEM32\windows.storage.dll
0x00007ffe23440000 - 0x00007ffe237b7000 	C:\WINDOWS\System32\combase.dll
0x00007ffe202d0000 - 0x00007ffe20436000 	C:\WINDOWS\SYSTEM32\wintypes.dll
0x00007ffe24b30000 - 0x00007ffe24c1a000 	C:\WINDOWS\System32\SHCORE.dll
0x00007ffe24c70000 - 0x00007ffe24ccd000 	C:\WINDOWS\System32\shlwapi.dll
0x00007ffe222e0000 - 0x00007ffe22301000 	C:\WINDOWS\SYSTEM32\profapi.dll
0x00007ffe063a0000 - 0x00007ffe063b9000 	C:\Program Files\Java\jdk-14.0.2\bin\net.dll
0x00007ffe1db60000 - 0x00007ffe1dc6c000 	C:\WINDOWS\SYSTEM32\WINHTTP.dll
0x00007ffe21970000 - 0x00007ffe219d7000 	C:\WINDOWS\system32\mswsock.dll
0x00007ffdffa70000 - 0x00007ffdffa82000 	C:\Program Files\Java\jdk-14.0.2\bin\nio.dll
0x00007ffe093b0000 - 0x00007ffe093c0000 	C:\Program Files\Java\jdk-14.0.2\bin\verify.dll
0x00007ffdd3e70000 - 0x00007ffdd3ee2000 	C:\Users\carl-\AppData\Local\Temp\lwjglcarl-\3.2.2-build-10\lwjgl.dll
0x00007ffded170000 - 0x00007ffded1ce000 	C:\Users\carl-\AppData\Local\Temp\lwjglcarl-\3.2.2-build-10\glfw.dll
0x00007ffe1f3a0000 - 0x00007ffe1f44c000 	C:\WINDOWS\system32\uxtheme.dll
0x00007ffdda7e0000 - 0x00007ffdda825000 	C:\WINDOWS\SYSTEM32\dinput8.dll
0x00007ffdfefe0000 - 0x00007ffdfeff1000 	C:\WINDOWS\SYSTEM32\xinput1_4.dll
0x00007ffe22080000 - 0x00007ffe220cc000 	C:\WINDOWS\SYSTEM32\cfgmgr32.dll
0x00007ffe220d0000 - 0x00007ffe220fc000 	C:\WINDOWS\SYSTEM32\DEVOBJ.dll
0x00007ffe1f8c0000 - 0x00007ffe1f8ef000 	C:\WINDOWS\SYSTEM32\dwmapi.dll
0x00007ffe0dc10000 - 0x00007ffe0ddd9000 	C:\WINDOWS\SYSTEM32\inputhost.dll
0x00007ffe1ed80000 - 0x00007ffe1eeb1000 	C:\WINDOWS\SYSTEM32\CoreMessaging.dll
0x00007ffe24070000 - 0x00007ffe2418d000 	C:\WINDOWS\System32\MSCTF.dll
0x00007ffe21b60000 - 0x00007ffe21b6c000 	C:\WINDOWS\SYSTEM32\CRYPTBASE.DLL
0x00007ffe20cb0000 - 0x00007ffe20cbe000 	C:\WINDOWS\SYSTEM32\HID.DLL
0x00007ffe23ae0000 - 0x00007ffe23f4c000 	C:\WINDOWS\System32\SETUPAPI.DLL
0x00007ffe22cf0000 - 0x00007ffe22d58000 	C:\WINDOWS\System32\WINTRUST.dll
0x00007ffe22a60000 - 0x00007ffe22bc2000 	C:\WINDOWS\System32\CRYPT32.dll
0x00007ffe21ca0000 - 0x00007ffe21cb2000 	C:\WINDOWS\SYSTEM32\MSASN1.dll
0x00007ffe02d90000 - 0x00007ffe02e91000 	C:\WINDOWS\SYSTEM32\opengl32.dll
0x00007ffe058b0000 - 0x00007ffe058dd000 	C:\WINDOWS\SYSTEM32\GLU32.dll
0x00007ffe1f720000 - 0x00007ffe1f758000 	C:\WINDOWS\SYSTEM32\dxcore.dll
0x00007ffe1a5d0000 - 0x00007ffe1a614000 	C:\WINDOWS\SYSTEM32\directxdatabasehelper.dll
0x00007ffe21500000 - 0x00007ffe21534000 	C:\WINDOWS\SYSTEM32\ntmarta.dll
0x00007ffe22d60000 - 0x00007ffe22e15000 	C:\WINDOWS\System32\clbcatq.dll
0x00007ffd52960000 - 0x00007ffd55b1b000 	C:\WINDOWS\System32\DriverStore\FileRepository\nvlt.inf_amd64_b1e6df49062f81f4\nvoglv64.dll
0x00007ffe23850000 - 0x00007ffe239ea000 	C:\WINDOWS\System32\ole32.dll
0x00007ffe249e0000 - 0x00007ffe24ab6000 	C:\WINDOWS\System32\OLEAUT32.dll
0x00007ffe1f350000 - 0x00007ffe1f364000 	C:\WINDOWS\SYSTEM32\WTSAPI32.dll
0x00007ffe10930000 - 0x00007ffe10961000 	C:\WINDOWS\SYSTEM32\cryptnet.dll
0x00007ffe107e0000 - 0x00007ffe10929000 	C:\WINDOWS\SYSTEM32\drvstore.dll
0x00007ffe21bf0000 - 0x00007ffe21c31000 	C:\WINDOWS\SYSTEM32\wldp.dll
0x00007ffdbe7a0000 - 0x00007ffdbea67000 	C:\WINDOWS\system32\nvspcap64.dll
0x00007ffe20cc0000 - 0x00007ffe20d0d000 	C:\WINDOWS\SYSTEM32\powrprof.dll
0x00007ffe20db0000 - 0x00007ffe20dc3000 	C:\WINDOWS\SYSTEM32\UMPDC.dll
0x00007ffe20f60000 - 0x00007ffe20fc4000 	C:\WINDOWS\SYSTEM32\WINSTA.dll
0x00007ffe1f500000 - 0x00007ffe1f5f3000 	C:\WINDOWS\system32\dxgi.dll
0x00007ffe19720000 - 0x00007ffe199a0000 	C:\WINDOWS\system32\d3d11.dll
0x00007ffe080c0000 - 0x00007ffe081d7000 	C:\WINDOWS\System32\DriverStore\FileRepository\nvlt.inf_amd64_b1e6df49062f81f4\nvldumdx.dll
0x00007ffe239f0000 - 0x00007ffe23a0f000 	C:\WINDOWS\System32\imagehlp.dll
0x00007ffe21c50000 - 0x00007ffe21c68000 	C:\WINDOWS\SYSTEM32\CRYPTSP.dll
0x00007ffe21440000 - 0x00007ffe21475000 	C:\WINDOWS\system32\rsaenh.dll
0x00007ffe21d90000 - 0x00007ffe21db7000 	C:\WINDOWS\SYSTEM32\bcrypt.dll
0x00007ffd73990000 - 0x00007ffd7638a000 	C:\WINDOWS\System32\DriverStore\FileRepository\nvlt.inf_amd64_b1e6df49062f81f4\nvwgf2umx.dll
0x00007ffe0e420000 - 0x00007ffe0eb68000 	C:\WINDOWS\SYSTEM32\nvapi64.dll
0x00007ffdd4b90000 - 0x00007ffdd4be8000 	C:\Users\carl-\AppData\Local\Temp\lwjglcarl-\3.2.2-build-10\lwjgl_opengl.dll
0x00007ffe05f60000 - 0x00007ffe0608d000 	C:\WINDOWS\SYSTEM32\textinputframework.dll
0x00007ffe19fb0000 - 0x00007ffe1a31d000 	C:\WINDOWS\SYSTEM32\CoreUIComponents.dll
0x00007ffde18a0000 - 0x00007ffde1cdd000 	C:\Windows\System32\uiautomationcore.dll
0x00007ffe21a10000 - 0x00007ffe21a39000 	C:\Windows\System32\USERENV.dll
0x00007ffe166d0000 - 0x00007ffe16a48000 	C:\WINDOWS\System32\DriverStore\FileRepository\iigd_dch.inf_amd64_c782574e7f94da68\igd10iumd64.dll
0x00007ffe1f170000 - 0x00007ffe1f202000 	C:\WINDOWS\SYSTEM32\apphelp.dll
0x00007ffe154e0000 - 0x00007ffe166cf000 	C:\WINDOWS\System32\DriverStore\FileRepository\iigd_dch.inf_amd64_c782574e7f94da68\igd10um64xe.DLL
0x00007ffe154a0000 - 0x00007ffe154da000 	C:\WINDOWS\SYSTEM32\ControlLib.dll
0x00007ffe15420000 - 0x00007ffe15492000 	C:\WINDOWS\System32\DriverStore\FileRepository\iigd_dch.inf_amd64_c782574e7f94da68\IntelControlLib.dll
0x00007ffe14e40000 - 0x00007ffe15252000 	C:\WINDOWS\System32\DriverStore\FileRepository\iigd_dch.inf_amd64_c782574e7f94da68\igdgmm64.dll
0x00007ffe10980000 - 0x00007ffe14dd0000 	C:\WINDOWS\System32\DriverStore\FileRepository\iigd_dch.inf_amd64_c782574e7f94da68\igc64.dll
0x00007ffdf7aa0000 - 0x00007ffdf7b09000 	C:\Windows\System32\OLEACC.dll

dbghelp: loaded successfully - version: 4.0.5 - missing functions: none
symbol engine: initialized successfully - sym options: 0x614 - pdb path: .;C:\Program Files\Java\jdk-14.0.2\bin;C:\WINDOWS\SYSTEM32;C:\WINDOWS\WinSxS\amd64_microsoft.windows.common-controls_6595b64144ccf1df_6.0.22000.120_none_9d947278b86cc467;C:\Program Files\Java\jdk-14.0.2\bin\server;C:\Users\carl-\AppData\Local\Temp\lwjglcarl-\3.2.2-build-10;C:\WINDOWS\System32\DriverStore\FileRepository\nvlt.inf_amd64_b1e6df49062f81f4;C:\WINDOWS\System32\DriverStore\FileRepository\iigd_dch.inf_amd64_c782574e7f94da68

VM Arguments:
jvm_args: -Dfile.encoding=windows-1252 -Duser.country=GB -Duser.language=en -Duser.variant 
java_command: net.mat4f.aspect.DummyGame
java_class_path (initial): C:\Users\carl-\Documents\engine\Aspect\build\classes\java\test;C:\Users\carl-\Documents\engine\Aspect\build\resources\test;C:\Users\carl-\Documents\engine\Aspect\build\classes\java\main;C:\Users\carl-\Documents\engine\Aspect\build\resources\main;C:\Users\carl-\.gradle\caches\modules-2\files-2.1\org.lwjgl\lwjgl-assimp\3.2.2\d4128312444099cea3c4dbb77f5098d19e340d\lwjgl-assimp-3.2.2.jar;C:\Users\carl-\.gradle\caches\modules-2\files-2.1\org.lwjgl\lwjgl-assimp\3.2.2\4fde40b59f2fdf2f9744ca065d290523e84300f3\lwjgl-assimp-3.2.2-natives-windows.jar;C:\Users\carl-\.gradle\caches\modules-2\files-2.1\org.lwjgl\lwjgl-bgfx\3.2.2\9dcb34f1b257957296bbc8d97d683cc163a760fc\lwjgl-bgfx-3.2.2.jar;C:\Users\carl-\.gradle\caches\modules-2\files-2.1\org.lwjgl\lwjgl-bgfx\3.2.2\33b2133c03b1c3342a8488e85329f2be74e71b6e\lwjgl-bgfx-3.2.2-natives-windows.jar;C:\Users\carl-\.gradle\caches\modules-2\files-2.1\org.lwjgl\lwjgl-glfw\3.2.2\d3ad4df38e400b8afba1de63f84338809399df5b\lwjgl-glfw-3.2.2.jar;C:\Users\carl-\.gradle\caches\modules-2\files-2.1\org.lwjgl\lwjgl-glfw\3.2.2\dc6826d636bf796b33a49038c354210e661bfc17\lwjgl-glfw-3.2.2-natives-windows.jar;C:\Users\carl-\.gradle\caches\modules-2\files-2.1\org.lwjgl\lwjgl-nanovg\3.2.2\7dc8f7782e93c80e5e0c299ec8174547c501f56b\lwjgl-nanovg-3.2.2.jar;C:\Users\carl-\.gradle\caches\modules-2\files-2.1\org.lwjgl\lwjgl-nanovg\3.2.2\51c311b3ca3aa353d6c47bbb71c881fd833832f\lwjgl-nanovg-3.2.2-natives-windows.jar;C:\Users\carl-\.gradle\caches\modules-2\files-2.1\org.lwjgl\lwjgl-nuklear\3.2.2\3948ab49e55aae665277b8c3e2a5e46e3d8e2e8\lwjgl-nuklear-3.2.2.jar;C:\Users\carl-\.gradle\caches\modules-2\files-2.1\org.lwjgl\lwjgl-nuklear\3.2.2\1109de20a11fca642d4633365d46e8b702606343\lwjgl-nuklear-3.2.2-natives-windows.jar;C:\Users\carl-\.gradle\caches\modules-2\files-2.1\org.lwjgl\lwjgl-openal\3.2.2\2b772a102b0a11ee5f2109a5b136f4dc7c630827\lwjgl-openal-3.2.2.jar;C:\Users\carl-\.gradle\caches\modules-2\files-2.1\org.lwjgl\lwjgl-openal\3.2.2\ec20a7d42
Launcher Type: SUN_STANDARD

[Global flags]
     intx CICompilerCount                          = 4                                         {product} {ergonomic}
     uint ConcGCThreads                            = 2                                         {product} {ergonomic}
     uint G1ConcRefinementThreads                  = 8                                         {product} {ergonomic}
   size_t G1HeapRegionSize                         = 1048576                                   {product} {ergonomic}
    uintx GCDrainStackTargetSize                   = 64                                        {product} {ergonomic}
   size_t InitialHeapSize                          = 264241152                                 {product} {ergonomic}
   size_t MarkStackSize                            = 4194304                                   {product} {ergonomic}
   size_t MaxHeapSize                              = 4217372672                                {product} {ergonomic}
   size_t MaxNewSize                               = 2530213888                                {product} {ergonomic}
   size_t MinHeapDeltaBytes                        = 1048576                                   {product} {ergonomic}
   size_t MinHeapSize                              = 8388608                                   {product} {ergonomic}
    uintx NonNMethodCodeHeapSize                   = 5839372                                {pd product} {ergonomic}
    uintx NonProfiledCodeHeapSize                  = 122909434                              {pd product} {ergonomic}
    uintx ProfiledCodeHeapSize                     = 122909434                              {pd product} {ergonomic}
    uintx ReservedCodeCacheSize                    = 251658240                              {pd product} {ergonomic}
     bool SegmentedCodeCache                       = true                                      {product} {ergonomic}
   size_t SoftMaxHeapSize                          = 4217372672                             {manageable} {ergonomic}
     bool UseCompressedClassPointers               = true                                 {lp64_product} {ergonomic}
     bool UseCompressedOops                        = true                                 {lp64_product} {ergonomic}
     bool UseG1GC                                  = true                                      {product} {ergonomic}
     bool UseLargePagesIndividualAllocation        = false                                  {pd product} {ergonomic}

Logging:
Log output configuration:
 #0: stdout all=warning uptime,level,tags
 #1: stderr all=off uptime,level,tags

Environment Variables:
PATH=C:\Program Files\Common Files\Oracle\Java\javapath;C:\Windows\system32;C:\Windows;C:\Windows\System32\Wbem;C:\Windows\System32\WindowsPowerShell\v1.0\;C:\Windows\System32\OpenSSH\;C:\Program Files (x86)\NVIDIA Corporation\PhysX\Common;C:\WINDOWS\system32;C:\WINDOWS;C:\WINDOWS\System32\Wbem;C:\WINDOWS\System32\WindowsPowerShell\v1.0\;C:\WINDOWS\System32\OpenSSH\;C:\Program Files\NVIDIA Corporation\NVIDIA NvDLISR;C:\Program Files\Git\cmd;C:\Program Files (x86)\Common Files\ACD Systems\EN;C:\Program Files (x86)\Common Files\ACD Systems;C:\Program Files (x86)\Brief\;C:\Users\carl-\AppData\Local\Microsoft\WindowsApps;;C:\Users\carl-\AppData\Local\Programs\Microsoft VS Code\bin
USERNAME=carl-
OS=Windows_NT
PROCESSOR_IDENTIFIER=Intel64 Family 6 Model 140 Stepping 1, GenuineIntel



---------------  S Y S T E M  ---------------

OS: Windows 10 , 64 bit Build 22000 (10.0.22000.708)
OS uptime: 1 days 21:44 hours
HyperV virtualization detected

CPU:total 8 (initial active 8) (4 cores per cpu, 2 threads per core) family 6 model 140 stepping 1, cmov, cx8, fxsr, mmx, sse, sse2, sse3, ssse3, sse4.1, sse4.2, popcnt, avx, avx2, aes, clmul, erms, 3dnowpref, lzcnt, ht, tsc, tscinvbit, bmi1, bmi2, adx, evex, sha, fma

Memory: 4k page, system-wide physical 16082M (4236M free)
TotalPageFile size 24541M (AvailPageFile size 9119M)
current process WorkingSet (physical memory assigned to process): 140M, peak: 142M
current process commit charge ("private bytes"): 442M, peak: 444M

vm_info: Java HotSpot(TM) 64-Bit Server VM (14.0.2+12-46) for windows-amd64 JRE (14.0.2+12-46), built on Jul  9 2020 00:35:52 by "mach5one" with MS VC++ 15.9 (VS2017)

END.
